#
# A fatal error has been detected by the Java Runtime Environment:
#
#  EXCEPTION_ACCESS_VIOLATION (0xc0000005) at pc=0x00000000253ffe99, pid=6868, tid=5160
#
# JRE version: Java(TM) SE Runtime Environment (8.0_71-b15) (build 1.8.0_71-b15)
# Java VM: Java HotSpot(TM) 64-Bit Server VM (25.71-b15 mixed mode windows-amd64 compressed oops)
# Problematic frame:
# C  0x00000000253ffe99
#
# Failed to write core dump. Minidumps are not enabled by default on client versions of Windows
#
# If you would like to submit a bug report, please visit:
#   http://bugreport.java.com/bugreport/crash.jsp
# The crash happened outside the Java Virtual Machine in native code.
# See problematic frame for where to report the bug.
#

---------------  T H R E A D  ---------------

Current thread (0x000000001ee74000):  JavaThread "AWT-EventQueue-0" [_thread_in_native, id=5160, stack(0x0000000024de0000,0x0000000024ee0000)]

siginfo: ExceptionCode=0xc0000005, reading address 0x0000000000000000

Registers:
RAX=0x0000000020a62660, RBX=0x00000000275b0000, RCX=0x0000000000000000, RDX=0x000000001f1c90e4
RSP=0x0000000024edc530, RBP=0x000000001f1c9110, RSI=0x0000000000000000, RDI=0x0000000000000000
R8 =0x000000001f1c90e0, R9 =0x000000000000000c, R10=0x0000000027625a78, R11=0x000000001f1c9110
R12=0x0000000000000180, R13=0x000000000000000c, R14=0x000000001f1c90e0, R15=0x0000000020a62660
RIP=0x00000000253ffe99, EFLAGS=0x0000000000010246

Top of Stack: (sp=0x0000000024edc530)
0x0000000024edc530:   00000000205b0b78 0000000025db6fd0
0x0000000024edc540:   00000000275b0000 000000000000000c
0x0000000024edc550:   0000000000000000 0000000072e643c2
0x0000000024edc560:   0000000000000180 0000000000000000
0x0000000024edc570:   00000000275b0000 0000000000000000
0x0000000024edc580:   0000000024edc6d0 00000000000000a6
0x0000000024edc590:   00000014c2b2aabc 00000000000000ff
0x0000000024edc5a0:   0000000000000000 0000000020a62660
0x0000000024edc5b0:   0000000000000000 0000000000000000
0x0000000024edc5c0:   000000000000000c 00000000253ffe40
0x0000000024edc5d0:   000000001f1c90e0 00000000276050e0
0x0000000024edc5e0:   0000000024edc6d0 0000000024edc6d0
0x0000000024edc5f0:   00000000ffffffff 00000000744e91ec
0x0000000024edc600:   00000000749a8d18 0000000000000000
0x0000000024edc610:   00000000023ff978 000000000000000e
0x0000000024edc620:   000000001f000000 00000000745db2e2 

Instructions: (pc=0x00000000253ffe99)
0x00000000253ffe79:   0a 48 83 c2 04 48 be b8 5b 60 27 00 00 00 00 48
0x00000000253ffe89:   8b 36 48 8b 76 08 48 8b f9 48 c1 e7 04 48 03 f7
0x00000000253ffe99:   8b 3e 8b 6e 04 89 38 89 68 04 8b 7e 08 8b 6e 0c
0x00000000253ffea9:   89 78 08 89 68 0c 48 be b8 5b 60 27 00 00 00 00 


Register to memory mapping:

RAX=0x0000000020a62660 is an unknown value
RBX=0x00000000275b0000 is an unknown value
RCX=0x0000000000000000 is an unknown value
RDX=0x000000001f1c90e4 is an unknown value
RSP=0x0000000024edc530 is pointing into the stack for thread: 0x000000001ee74000
RBP=0x000000001f1c9110 is an unknown value
RSI=0x0000000000000000 is an unknown value
RDI=0x0000000000000000 is an unknown value
R8 =0x000000001f1c90e0 is an unknown value
R9 =0x000000000000000c is an unknown value
R10=0x0000000027625a78 is an unknown value
R11=0x000000001f1c9110 is an unknown value
R12=0x0000000000000180 is an unknown value
R13=0x000000000000000c is an unknown value
R14=0x000000001f1c90e0 is an unknown value
R15=0x0000000020a62660 is an unknown value


Stack: [0x0000000024de0000,0x0000000024ee0000],  sp=0x0000000024edc530,  free space=1009k
Native frames: (J=compiled Java code, j=interpreted, Vv=VM code, C=native code)
C  0x00000000253ffe99

Java frames: (J=compiled Java code, j=interpreted, Vv=VM code)
j  jogamp.opengl.gl4.GL4bcImpl.dispatch_glDrawElements1(IIILjava/lang/Object;IZJ)V+0
j  jogamp.opengl.gl4.GL4bcImpl.glDrawElements(IIILjava/nio/Buffer;)V+99
j  Main.display(Lcom/jogamp/opengl/GLAutoDrawable;)V+327
j  jogamp.opengl.GLDrawableHelper.displayImpl(Lcom/jogamp/opengl/GLAutoDrawable;)V+62
j  jogamp.opengl.GLDrawableHelper.display(Lcom/jogamp/opengl/GLAutoDrawable;)V+2
j  com.jogamp.opengl.awt.GLCanvas$11.run()V+118
j  jogamp.opengl.GLDrawableHelper.invokeGLImpl(Lcom/jogamp/opengl/GLDrawable;Lcom/jogamp/opengl/GLContext;Ljava/lang/Runnable;Ljava/lang/Runnable;)V+203
j  jogamp.opengl.GLDrawableHelper.invokeGL(Lcom/jogamp/opengl/GLDrawable;Lcom/jogamp/opengl/GLContext;Ljava/lang/Runnable;Ljava/lang/Runnable;)V+72
j  com.jogamp.opengl.awt.GLCanvas$12.run()V+104
j  com.jogamp.opengl.Threading.invoke(ZLjava/lang/Runnable;Ljava/lang/Object;)V+27
j  com.jogamp.opengl.awt.GLCanvas.display()V+64
j  com.jogamp.opengl.awt.GLCanvas.paint(Ljava/awt/Graphics;)V+137
j  sun.awt.RepaintArea.paintComponent(Ljava/awt/Component;Ljava/awt/Graphics;)V+6
j  sun.awt.RepaintArea.paint(Ljava/lang/Object;Z)V+326
j  sun.awt.windows.WComponentPeer.handleEvent(Ljava/awt/AWTEvent;)V+155
j  java.awt.Component.dispatchEventImpl(Ljava/awt/AWTEvent;)V+877
j  java.awt.Component.dispatchEvent(Ljava/awt/AWTEvent;)V+2
j  java.awt.EventQueue.dispatchEventImpl(Ljava/awt/AWTEvent;Ljava/lang/Object;)V+41
j  java.awt.EventQueue.access$500(Ljava/awt/EventQueue;Ljava/awt/AWTEvent;Ljava/lang/Object;)V+3
j  java.awt.EventQueue$3.run()Ljava/lang/Void;+32
j  java.awt.EventQueue$3.run()Ljava/lang/Object;+1
v  ~StubRoutines::call_stub
j  java.security.AccessController.doPrivileged(Ljava/security/PrivilegedAction;Ljava/security/AccessControlContext;)Ljava/lang/Object;+0
j  java.security.ProtectionDomain$JavaSecurityAccessImpl.doIntersectionPrivilege(Ljava/security/PrivilegedAction;Ljava/security/AccessControlContext;Ljava/security/AccessControlContext;)Ljava/lang/Object;+18
j  java.security.ProtectionDomain$JavaSecurityAccessImpl.doIntersectionPrivilege(Ljava/security/PrivilegedAction;Ljava/security/AccessControlContext;)Ljava/lang/Object;+6
j  java.awt.EventQueue$4.run()Ljava/lang/Void;+11
j  java.awt.EventQueue$4.run()Ljava/lang/Object;+1
v  ~StubRoutines::call_stub
j  java.security.AccessController.doPrivileged(Ljava/security/PrivilegedAction;Ljava/security/AccessControlContext;)Ljava/lang/Object;+0
j  java.security.ProtectionDomain$JavaSecurityAccessImpl.doIntersectionPrivilege(Ljava/security/PrivilegedAction;Ljava/security/AccessControlContext;Ljava/security/AccessControlContext;)Ljava/lang/Object;+18
j  java.awt.EventQueue.dispatchEvent(Ljava/awt/AWTEvent;)V+73
j  java.awt.EventDispatchThread.pumpOneEventForFilters(I)V+245
j  java.awt.EventDispatchThread.pumpEventsForFilter(ILjava/awt/Conditional;Ljava/awt/EventFilter;)V+35
j  java.awt.EventDispatchThread.pumpEventsForHierarchy(ILjava/awt/Conditional;Ljava/awt/Component;)V+11
j  java.awt.EventDispatchThread.pumpEvents(ILjava/awt/Conditional;)V+4
j  java.awt.EventDispatchThread.pumpEvents(Ljava/awt/Conditional;)V+3
j  java.awt.EventDispatchThread.run()V+9
v  ~StubRoutines::call_stub

---------------  P R O C E S S  ---------------

Java Threads: ( => current thread )
  0x00000000022f0800 JavaThread "DestroyJavaVM" [_thread_blocked, id=4940, stack(0x0000000002160000,0x0000000002260000)]
  0x000000001efad800 JavaThread "D3D Screen Updater" daemon [_thread_blocked, id=5760, stack(0x00000000273b0000,0x00000000274b0000)]
  0x000000001f391800 JavaThread "main-SharedResourceRunner" daemon [_thread_blocked, id=6612, stack(0x00000000250e0000,0x00000000251e0000)]
=>0x000000001ee74000 JavaThread "AWT-EventQueue-0" [_thread_in_native, id=5160, stack(0x0000000024de0000,0x0000000024ee0000)]
  0x000000001ed44000 JavaThread "AWT-Windows" daemon [_thread_in_native, id=5964, stack(0x000000001f690000,0x000000001f790000)]
  0x000000001edb3800 JavaThread "AWT-Shutdown" [_thread_blocked, id=6900, stack(0x000000001f590000,0x000000001f690000)]
  0x000000001edaf000 JavaThread "Java2D Disposer" daemon [_thread_blocked, id=4976, stack(0x000000001f490000,0x000000001f590000)]
  0x000000001e047000 JavaThread "Service Thread" daemon [_thread_blocked, id=3512, stack(0x000000001e980000,0x000000001ea80000)]
  0x000000001dfc0000 JavaThread "C1 CompilerThread3" daemon [_thread_blocked, id=256, stack(0x000000001e880000,0x000000001e980000)]
  0x000000001dfab800 JavaThread "C2 CompilerThread2" daemon [_thread_blocked, id=5236, stack(0x000000001e780000,0x000000001e880000)]
  0x000000001dfa8800 JavaThread "C2 CompilerThread1" daemon [_thread_blocked, id=6408, stack(0x000000001e680000,0x000000001e780000)]
  0x000000001dfa6800 JavaThread "C2 CompilerThread0" daemon [_thread_blocked, id=3384, stack(0x000000001e580000,0x000000001e680000)]
  0x000000001dfa5000 JavaThread "Attach Listener" daemon [_thread_blocked, id=5860, stack(0x000000001e480000,0x000000001e580000)]
  0x000000001dfa4000 JavaThread "Signal Dispatcher" daemon [_thread_blocked, id=7372, stack(0x000000001e380000,0x000000001e480000)]
  0x00000000023ea800 JavaThread "Finalizer" daemon [_thread_blocked, id=7384, stack(0x000000001dd70000,0x000000001de70000)]
  0x00000000023e4000 JavaThread "Reference Handler" daemon [_thread_blocked, id=6944, stack(0x000000001dc70000,0x000000001dd70000)]

Other Threads:
  0x000000001be89000 VMThread [stack: 0x000000001db70000,0x000000001dc70000] [id=5268]
  0x000000001e063800 WatcherThread [stack: 0x000000001ea80000,0x000000001eb80000] [id=3804]

VM state:not at safepoint (normal execution)

VM Mutex/Monitor currently owned by a thread: None

Heap:
 PSYoungGen      total 76288K, used 39049K [0x000000076af80000, 0x0000000770480000, 0x00000007c0000000)
  eden space 65536K, 59% used [0x000000076af80000,0x000000076d5a2620,0x000000076ef80000)
  from space 10752K, 0% used [0x000000076fa00000,0x000000076fa00000,0x0000000770480000)
  to   space 10752K, 0% used [0x000000076ef80000,0x000000076ef80000,0x000000076fa00000)
 ParOldGen       total 175104K, used 0K [0x00000006c0e00000, 0x00000006cb900000, 0x000000076af80000)
  object space 175104K, 0% used [0x00000006c0e00000,0x00000006c0e00000,0x00000006cb900000)
 Metaspace       used 15276K, capacity 15534K, committed 15872K, reserved 1062912K
  class space    used 1603K, capacity 1672K, committed 1792K, reserved 1048576K

Card table byte_map: [0x00000000117b0000,0x0000000011fb0000] byte_map_base: 0x000000000e1a9000

Marking Bits: (ParMarkBitMap*) 0x0000000074bcf600
 Begin Bits: [0x0000000012d10000, 0x0000000016cd8000)
 End Bits:   [0x0000000016cd8000, 0x000000001aca0000)

Polling page: 0x0000000000930000

CodeCache: size=245760Kb used=3020Kb max_used=3020Kb free=242739Kb
 bounds [0x00000000023f0000, 0x00000000026f0000, 0x00000000113f0000]
 total_blobs=1565 nmethods=720 adapters=758
 compilation: enabled

Compilation events (10 events):
Event: 1.026 Thread 0x000000001dfc0000  716       3       java.io.BufferedOutputStream::flushBuffer (29 bytes)
Event: 1.026 Thread 0x000000001dfc0000 nmethod 716 0x00000000026e2790 code [0x00000000026e2900, 0x00000000026e2b88]
Event: 1.026 Thread 0x000000001dfc0000  717       3       java.nio.Buffer::limit (62 bytes)
Event: 1.026 Thread 0x000000001dfc0000 nmethod 717 0x00000000026e2250 code [0x00000000026e23c0, 0x00000000026e26c8]
Event: 1.026 Thread 0x000000001dfc0000  718       3       java.util.jar.Attributes$Name::equals (39 bytes)
Event: 1.027 Thread 0x000000001dfc0000 nmethod 718 0x00000000026e1ad0 code [0x00000000026e1c60, 0x00000000026e2128]
Event: 1.027 Thread 0x000000001dfc0000  720       3       java.security.CodeSource::matchCerts (254 bytes)
Event: 1.027 Thread 0x000000001dfc0000 nmethod 720 0x00000000026e07d0 code [0x00000000026e09e0, 0x00000000026e1598]
Event: 1.027 Thread 0x000000001dfc0000  719       3       sun.misc.ASCIICaseInsensitiveComparator::compare (13 bytes)
Event: 1.027 Thread 0x000000001dfc0000 nmethod 719 0x00000000026e0210 code [0x00000000026e0380, 0x00000000026e06e8]

GC Heap History (0 events):
No events

Deoptimization events (2 events):
Event: 0.249 Thread 0x00000000022f0800 Uncommon trap: reason=unstable_if action=reinterpret pc=0x00000000025a4528 method=java.lang.String.indexOf([CII[CIII)I @ 3
Event: 0.952 Thread 0x00000000022f0800 Uncommon trap: reason=unstable_if action=reinterpret pc=0x0000000002693470 method=java.lang.reflect.AccessibleObject.setAccessible0(Ljava/lang/reflect/AccessibleObject;Z)V @ 4

Internal exceptions (10 events):
Event: 0.024 Thread 0x00000000022f0800 Exception <a 'java/lang/NoSuchMethodError': Method sun.misc.Unsafe.prefetchRead(Ljava/lang/Object;J)V name or signature does not match> (0x000000076af8dd90) thrown at [C:\re\workspace\8-2-build-windows-amd64-cygwin\jdk8u71\5731\hotspot\src\share\vm\prims\j½
°·½è³?
Event: 0.078 Thread 0x00000000022f0800 Exception <a 'java/security/PrivilegedActionException'> (0x000000076b0753c0) thrown at [C:\re\workspace\8-2-build-windows-amd64-cygwin\jdk8u71\5731\hotspot\src\share\vm\prims\jvm.cpp, line 1386]
Event: 0.078 Thread 0x00000000022f0800 Exception <a 'java/security/PrivilegedActionException'> (0x000000076b0755d0) thrown at [C:\re\workspace\8-2-build-windows-amd64-cygwin\jdk8u71\5731\hotspot\src\share\vm\prims\jvm.cpp, line 1386]
Event: 0.078 Thread 0x00000000022f0800 Exception <a 'java/security/PrivilegedActionException'> (0x000000076b079178) thrown at [C:\re\workspace\8-2-build-windows-amd64-cygwin\jdk8u71\5731\hotspot\src\share\vm\prims\jvm.cpp, line 1386]
Event: 0.078 Thread 0x00000000022f0800 Exception <a 'java/security/PrivilegedActionException'> (0x000000076b079388) thrown at [C:\re\workspace\8-2-build-windows-amd64-cygwin\jdk8u71\5731\hotspot\src\share\vm\prims\jvm.cpp, line 1386]
Event: 0.084 Thread 0x00000000022f0800 Exception <a 'java/io/FileNotFoundException'> (0x000000076b08e1a0) thrown at [C:\re\workspace\8-2-build-windows-amd64-cygwin\jdk8u71\5731\hotspot\src\share\vm\prims\jni.cpp, line 709]
Event: 0.112 Thread 0x00000000022f0800 Exception <a 'java/lang/NoSuchFieldError': method resolution failed> (0x000000076b3eaea8) thrown at [C:\re\workspace\8-2-build-windows-amd64-cygwin\jdk8u71\5731\hotspot\src\share\vm\prims\methodHandles.cpp, line 1146]
Event: 0.114 Thread 0x00000000022f0800 Exception <a 'java/lang/NoSuchFieldError': method resolution failed> (0x000000076b3f8278) thrown at [C:\re\workspace\8-2-build-windows-amd64-cygwin\jdk8u71\5731\hotspot\src\share\vm\prims\methodHandles.cpp, line 1146]
Event: 0.149 Thread 0x00000000022f0800 Exception <a 'java/io/FileNotFoundException'> (0x000000076b532330) thrown at [C:\re\workspace\8-2-build-windows-amd64-cygwin\jdk8u71\5731\hotspot\src\share\vm\prims\jni.cpp, line 709]
Event: 0.962 Thread 0x00000000022f0800 Exception <a 'java/lang/reflect/InvocationTargetException'> (0x000000076d08a528) thrown at [C:\re\workspace\8-2-build-windows-amd64-cygwin\jdk8u71\5731\hotspot\src\share\vm\runtime\reflection.cpp, line 1092]

Events (10 events):
Event: 1.023 loading class com/jogamp/opengl/glu/gl2es1/GLUgl2es1 done
Event: 1.023 loading class jogamp/opengl/ProjectFloat
Event: 1.023 loading class jogamp/opengl/ProjectFloat done
Event: 1.025 loading class java/lang/Throwable$WrappedPrintStream
Event: 1.025 loading class java/lang/Throwable$PrintStreamOrWriter
Event: 1.025 loading class java/lang/Throwable$PrintStreamOrWriter done
Event: 1.025 loading class java/lang/Throwable$WrappedPrintStream done
Event: 1.026 Thread 0x000000001efab000 Thread exited: 0x000000001efab000
Event: 1.026 loading class com/jogamp/opengl/math/FloatUtil
Event: 1.026 loading class com/jogamp/opengl/math/FloatUtil done


Dynamic libraries:
0x00007ff7ae370000 - 0x00007ff7ae3a7000 	C:\Program Files\Java\jre1.8.0_71\bin\javaw.exe
0x00007ffef3a40000 - 0x00007ffef3c01000 	C:\WINDOWS\SYSTEM32\ntdll.dll
0x00007ffef1460000 - 0x00007ffef150d000 	C:\WINDOWS\system32\KERNEL32.DLL
0x00007ffef02d0000 - 0x00007ffef04b8000 	C:\WINDOWS\system32\KERNELBASE.dll
0x00007ffef1fd0000 - 0x00007ffef2077000 	C:\WINDOWS\system32\ADVAPI32.dll
0x00007ffef1cb0000 - 0x00007ffef1d4d000 	C:\WINDOWS\system32\msvcrt.dll
0x00007ffef1550000 - 0x00007ffef15ab000 	C:\WINDOWS\system32\sechost.dll
0x00007ffef0e40000 - 0x00007ffef0f5c000 	C:\WINDOWS\system32\RPCRT4.dll
0x00007ffef10e0000 - 0x00007ffef1236000 	C:\WINDOWS\system32\USER32.dll
0x00007ffef1b20000 - 0x00007ffef1ca6000 	C:\WINDOWS\system32\GDI32.dll
0x00007ffee26e0000 - 0x00007ffee2954000 	C:\WINDOWS\WinSxS\amd64_microsoft.windows.common-controls_6595b64144ccf1df_6.0.10586.0_none_8c15ae12515e1c22\COMCTL32.dll
0x00007ffef1d50000 - 0x00007ffef1fcd000 	C:\WINDOWS\system32\combase.dll
0x00007ffef00f0000 - 0x00007ffef015a000 	C:\WINDOWS\system32\bcryptPrimitives.dll
0x00007ffef1510000 - 0x00007ffef154b000 	C:\WINDOWS\system32\IMM32.DLL
0x0000000074120000 - 0x00000000741f2000 	C:\Program Files\Java\jre1.8.0_71\bin\msvcr100.dll
0x00000000743c0000 - 0x0000000074c4f000 	C:\Program Files\Java\jre1.8.0_71\bin\server\jvm.dll
0x00007ffef15b0000 - 0x00007ffef15b8000 	C:\WINDOWS\system32\PSAPI.DLL
0x00007ffeee2b0000 - 0x00007ffeee2d3000 	C:\WINDOWS\SYSTEM32\WINMM.dll
0x00007ffeee370000 - 0x00007ffeee379000 	C:\WINDOWS\SYSTEM32\WSOCK32.dll
0x00007ffeeceb0000 - 0x00007ffeeceba000 	C:\WINDOWS\SYSTEM32\VERSION.dll
0x00007ffef1ab0000 - 0x00007ffef1b1b000 	C:\WINDOWS\system32\WS2_32.dll
0x00007ffeee280000 - 0x00007ffeee2ac000 	C:\WINDOWS\SYSTEM32\WINMMBASE.dll
0x00007ffef0b30000 - 0x00007ffef0b73000 	C:\WINDOWS\system32\cfgmgr32.dll
0x00000000742d0000 - 0x00000000742df000 	C:\Program Files\Java\jre1.8.0_71\bin\verify.dll
0x00000000742a0000 - 0x00000000742c9000 	C:\Program Files\Java\jre1.8.0_71\bin\java.dll
0x0000000074280000 - 0x0000000074296000 	C:\Program Files\Java\jre1.8.0_71\bin\zip.dll
0x00007ffef2080000 - 0x00007ffef35df000 	C:\WINDOWS\system32\SHELL32.dll
0x00007ffef04e0000 - 0x00007ffef0b24000 	C:\WINDOWS\system32\windows.storage.dll
0x00007ffef1620000 - 0x00007ffef1672000 	C:\WINDOWS\system32\shlwapi.dll
0x00007ffef0090000 - 0x00007ffef009f000 	C:\WINDOWS\system32\kernel.appcore.dll
0x00007ffef0160000 - 0x00007ffef0215000 	C:\WINDOWS\system32\shcore.dll
0x00007ffef00a0000 - 0x00007ffef00eb000 	C:\WINDOWS\system32\powrprof.dll
0x00007ffef0060000 - 0x00007ffef0074000 	C:\WINDOWS\system32\profapi.dll
0x0000000073f80000 - 0x0000000074118000 	C:\Program Files\Java\jre1.8.0_71\bin\awt.dll
0x00007ffef3650000 - 0x00007ffef3711000 	C:\WINDOWS\system32\OLEAUT32.dll
0x00007ffeee850000 - 0x00007ffeee8c9000 	C:\WINDOWS\system32\apphelp.dll
0x00007ffeee080000 - 0x00007ffeee0a2000 	C:\WINDOWS\system32\DWMAPI.DLL
0x00007ffeee9e0000 - 0x00007ffeeea76000 	C:\WINDOWS\system32\uxtheme.dll
0x00007ffef0f80000 - 0x00007ffef10da000 	C:\WINDOWS\system32\MSCTF.dll
0x00007ffef38f0000 - 0x00007ffef3a33000 	C:\WINDOWS\system32\ole32.dll
0x00007ffedfe70000 - 0x00007ffee0080000 	C:\WINDOWS\system32\d3d9.dll
0x00007ffecba20000 - 0x00007ffecca69000 	C:\WINDOWS\SYSTEM32\nvd3dumx.dll
0x00007ffee2500000 - 0x00007ffee26cc000 	C:\WINDOWS\system32\nvspcap64.dll
0x00007ffef1680000 - 0x00007ffef1aa9000 	C:\WINDOWS\system32\SETUPAPI.dll
0x00007ffee7fd0000 - 0x00007ffee8098000 	C:\WINDOWS\SYSTEM32\WINHTTP.dll
0x00007ffeec010000 - 0x00007ffeec3b0000 	C:\WINDOWS\system32\nvapi64.dll
0x00007ffeedb40000 - 0x00007ffeedbe2000 	C:\WINDOWS\SYSTEM32\dxgi.dll
0x00007ffeefd70000 - 0x00007ffeefd9d000 	C:\WINDOWS\SYSTEM32\SspiCli.dll
0x00007ffeefa40000 - 0x00007ffeefa57000 	C:\WINDOWS\SYSTEM32\CRYPTSP.dll
0x00007ffeef6d0000 - 0x00007ffeef704000 	C:\WINDOWS\system32\rsaenh.dll
0x00007ffeefc60000 - 0x00007ffeefc89000 	C:\WINDOWS\SYSTEM32\bcrypt.dll
0x00007ffeef820000 - 0x00007ffeef83f000 	C:\WINDOWS\SYSTEM32\USERENV.dll
0x00007ffeefb60000 - 0x00007ffeefb6b000 	C:\WINDOWS\SYSTEM32\CRYPTBASE.dll
0x0000000074260000 - 0x000000007427a000 	C:\Program Files\Java\jre1.8.0_71\bin\net.dll
0x00007ffeef990000 - 0x00007ffeef9ec000 	C:\WINDOWS\system32\mswsock.dll
0x00007ffee9e40000 - 0x00007ffee9e78000 	C:\WINDOWS\SYSTEM32\IPHLPAPI.DLL
0x00007ffef1450000 - 0x00007ffef1458000 	C:\WINDOWS\system32\NSI.dll
0x00007ffee8790000 - 0x00007ffee87a6000 	C:\WINDOWS\SYSTEM32\dhcpcsvc6.DLL
0x00007ffee89d0000 - 0x00007ffee89ea000 	C:\WINDOWS\SYSTEM32\dhcpcsvc.DLL
0x0000000074240000 - 0x0000000074251000 	C:\Program Files\Java\jre1.8.0_71\bin\nio.dll
0x00000000637c0000 - 0x00000000637cd000 	C:\Users\Daniel\AppData\Local\Temp\jogamp_0000\file_cache\jln957706087694160789\jln6892406682346094364\natives\windows-amd64\gluegen-rt.dll
0x0000000073f70000 - 0x0000000073f77000 	C:\Program Files\Java\jre1.8.0_71\bin\jawt.dll
0x000000006a440000 - 0x000000006a44d000 	C:\Users\Daniel\AppData\Local\Temp\jogamp_0000\file_cache\jln957706087694160789\jln6892406682346094364\natives\windows-amd64\nativewindow_awt.dll
0x000000006c100000 - 0x000000006c10f000 	C:\Users\Daniel\AppData\Local\Temp\jogamp_0000\file_cache\jln957706087694160789\jln6892406682346094364\natives\windows-amd64\nativewindow_win32.dll
0x00007ffed5080000 - 0x00007ffed51a9000 	C:\WINDOWS\SYSTEM32\OpenGL32.dll
0x00007ffed87f0000 - 0x00007ffed88ea000 	C:\WINDOWS\SYSTEM32\DDRAW.dll
0x00007ffee3d50000 - 0x00007ffee3d7e000 	C:\WINDOWS\SYSTEM32\GLU32.dll
0x00007ffeed390000 - 0x00007ffeed398000 	C:\WINDOWS\SYSTEM32\DCIMAN32.dll
0x0000000064500000 - 0x00000000645b1000 	C:\Users\Daniel\AppData\Local\Temp\jogamp_0000\file_cache\jln957706087694160789\jln6892406682346094364\natives\windows-amd64\jogl_desktop.dll
0x0000000064340000 - 0x00000000643a2000 	C:\Users\Daniel\AppData\Local\Temp\jogamp_0000\file_cache\jln957706087694160789\jln6892406682346094364\natives\windows-amd64\jogl_mobile.dll
0x0000000072190000 - 0x0000000073f6a000 	C:\WINDOWS\SYSTEM32\nvoglv64.DLL
0x00007ffeee0d0000 - 0x00007ffeee0e3000 	C:\WINDOWS\SYSTEM32\WTSAPI32.dll
0x00007ffed3060000 - 0x00007ffed31ec000 	C:\WINDOWS\SYSTEM32\dbghelp.dll
0x00007ffeeeb30000 - 0x00007ffeeeb57000 	C:\WINDOWS\SYSTEM32\DEVOBJ.dll
0x00007ffef0c10000 - 0x00007ffef0c65000 	C:\WINDOWS\system32\WINTRUST.dll
0x00007ffef0080000 - 0x00007ffef0090000 	C:\WINDOWS\system32\MSASN1.dll
0x00007ffef0c70000 - 0x00007ffef0e37000 	C:\WINDOWS\system32\CRYPT32.dll
0x00007ffeef5b0000 - 0x00007ffeef5e1000 	C:\WINDOWS\SYSTEM32\ntmarta.dll
0x00007ffeef300000 - 0x00007ffeef356000 	C:\WINDOWS\SYSTEM32\WINSTA.dll
0x0000000072140000 - 0x0000000072187000 	C:\Program Files\Java\jre1.8.0_71\bin\fontmanager.dll

VM Arguments:
jvm_args: -Dfile.encoding=Cp1252 
java_command: Main
java_class_path (initial): C:\Users\Daniel\git\Maturaarbeit\Maturaarbeit\bin;D:\workspace\.metadata\libraries\jogamp-all-platforms\jar\gluegen-rt.jar;D:\workspace\.metadata\libraries\jogamp-all-platforms\jar\gluegen-rt-natives-macosx-universal.jar;D:\workspace\.metadata\libraries\jogamp-all-platforms\jar\gluegen-rt-natives-windows-amd64.jar;D:\workspace\.metadata\libraries\jogamp-all-platforms\jar\gluegen-rt-natives-windows-i586.jar;D:\workspace\.metadata\libraries\jogamp-all-platforms\jar\jogl-all.jar;D:\workspace\.metadata\libraries\jogamp-all-platforms\jar\jogl-all-natives-macosx-universal.jar;D:\workspace\.metadata\libraries\jogamp-all-platforms\jar\jogl-all-natives-windows-amd64.jar;D:\workspace\.metadata\libraries\jogamp-all-platforms\jar\jogl-all-natives-windows-i586.jar;D:\workspace\.metadata\libraries\jogamp-all-platforms\jar\jogl-all-noawt.jar;D:\workspace\.metadata\libraries\jogamp-all-platforms\jar\jogl-all-noawt-natives-macosx-universal.jar;D:\workspace\.metadata\libraries\jogamp-all-platforms\jar\jogl-all-noawt-natives-windows-amd64.jar;D:\workspace\.metadata\libraries\jogamp-all-platforms\jar\jogl-all-noawt-natives-windows-i586.jar
Launcher Type: SUN_STANDARD

Environment Variables:
PATH=C:/Program Files/Java/jre1.8.0_71/bin/server;C:/Program Files/Java/jre1.8.0_71/bin;C:/Program Files/Java/jre1.8.0_71/lib/amd64;C:\Program Files (x86)\NVIDIA Corporation\PhysX\Common;C:\ProgramData\Oracle\Java\javapath;C:\WINDOWS\system32;C:\WINDOWS;C:\WINDOWS\System32\Wbem;C:\WINDOWS\System32\WindowsPowerShell\v1.0\;C:\Program Files (x86)\Skype\Phone\;C:\Users\Daniel\Desktop;
USERNAME=Daniel
OS=Windows_NT
PROCESSOR_IDENTIFIER=Intel64 Family 6 Model 58 Stepping 9, GenuineIntel



---------------  S Y S T E M  ---------------

OS: Windows 10.0 , 64 bit Build 10586 (10.0.10586.0)

CPU:total 8 (4 cores per cpu, 2 threads per core) family 6 model 58 stepping 9, cmov, cx8, fxsr, mmx, sse, sse2, sse3, ssse3, sse4.1, sse4.2, popcnt, avx, clmul, erms, ht, tsc, tscinvbit, tscinv

Memory: 4k page, physical 16715224k(12397796k free), swap 19205592k(13028880k free)

vm_info: Java HotSpot(TM) 64-Bit Server VM (25.71-b15) for windows-amd64 JRE (1.8.0_71-b15), built on Dec 22 2015 18:15:55 by "java_re" with MS VC++ 10.0 (VS2010)

time: Tue Feb 02 22:08:55 2016
elapsed time: 1 seconds (0d 0h 0m 1s)

